Starting guide registration script for 1 specific guides at Sat Oct 11 09:20:05 UTC 2025
\n==================================================
Processing Guide 1/1: Chay | Phone: 7676753620
==================================================
Generating OTP...
Executing curl (attempt 1/3): curl -s -L --write-out '%{http_code}' https://askapp.astrokiran.com/api/v1/auth/otp/generate -H
Success: HTTP Code: 200
OTP Request ID: fcccc370-c8a8-4642-8ae5-2e308b5d77f7
Validating OTP...
Executing curl (attempt 1/3): curl -s -L --write-out '%{http_code}' https://askapp.astrokiran.com/api/v1/auth/otp/validate -H
Success: HTTP Code: 200
Successfully obtained access token.
Registering guide...
Executing curl (attempt 1/3): curl -s -L --write-out '%{http_code}' https://askapp.astrokiran.com/api/v1/guide/register -H
Success: HTTP Code: 200
Successfully registered Chay.
Uploading profile picture...
Executing curl (attempt 1/3): curl -s -L --write-out '%{http_code}' https://askapp.astrokiran.com/api/v1/guide/profile-picture -H
Success: HTTP Code: 200
Successfully uploaded profile picture for Chay.
Submitting KYC...
Executing curl (attempt 1/3): curl -s -L --write-out '%{http_code}' https://askapp.astrokiran.com/api/v1/guide/kyc/submit -H
Success: HTTP Code: 200
Successfully submitted KYC for Chay.
\n--- Script finished at Sat Oct 11 09:20:10 UTC 2025. ---
Processed 1 guides. Success: 1, Failures: 0
Successful guides: Chay
Cleaned up temporary files.
