===================================================
Guide Profile Picture Update Script
Started at: Mon Oct  6 14:24:49 UTC 2025
===================================================
Phone: 9451909612
Image Path: tmp/image.png
Default OTP: 123456
===================================================
\n[1/4] Generating OTP for 9451909612...
Executing curl (attempt 1/3)
Success: HTTP Code: 200
✓ OTP Request ID: ef285f53-af10-4aa1-b23d-9c30334b6518
\n[2/4] Validating OTP...
Executing curl (attempt 1/3)
Success: HTTP Code: 200
✓ Successfully authenticated
  Access Token: eyJhbGciOiJIUzI1NiIs...
  Auth User ID: 196
\n[3/4] Fetching current guide profile...
Executing curl (attempt 1/3)
Success: HTTP Code: 200
✓ Current Profile Picture URL: https://guide-kyc-documents-staging.s3.ap-south-1.amazonaws.com/profile-pictures/37/sheel-gupta_image.png?X-Amz-Algorithm=AWS4-HMAC-SHA256&X-Amz-Checksum-Mode=ENABLED&X-Amz-Credential=AKIAR7HWYENROGLYHYGS%2F20251006%2Fap-south-1%2Fs3%2Faws4_request&X-Amz-Date=20251006T142453Z&X-Amz-Expires=43200&X-Amz-SignedHeaders=host&x-id=GetObject&X-Amz-Signature=30d8f2cd985551afeca4c7c726cf8772c8c9e568b9e21b14958423f8d089bf00
\n[4/4] Uploading profile picture...
Image file: tmp/image.png
File size: 176K
Executing curl (attempt 1/3)
Success: HTTP Code: 200
✓ Profile picture uploaded successfully!
Response: {
  "success": true,
  "data": {
    "media_id": 65,
    "message": "Image upload to S3 initiated. Use media_id to check status.",
    "status": "upload_initiated"
  },
  "message": "Image upload initiated successfully",
  "timestamp": "2025-10-06T14:24:55Z",
  "trace_id": "430e0f1f-3b55-49b7-b374-a51602c21add",
  "path": "/api/v1/guide/profile-picture",
  "method": "POST"
}
\nVerifying profile picture update...
Executing curl (attempt 1/3)
Success: HTTP Code: 200
✓ Updated Profile Picture URL: https://guide-kyc-documents-staging.s3.ap-south-1.amazonaws.com/profile-pictures/37/sheel-gupta_image.png?X-Amz-Algorithm=AWS4-HMAC-SHA256&X-Amz-Checksum-Mode=ENABLED&X-Amz-Credential=AKIAR7HWYENROGLYHYGS%2F20251006%2Fap-south-1%2Fs3%2Faws4_request&X-Amz-Date=20251006T142455Z&X-Amz-Expires=43200&X-Amz-SignedHeaders=host&x-id=GetObject&X-Amz-Signature=789fd5b4b6e1f014f9b836de43d1f3df209eb74f658e9d15eec4e651c762ee80
\n===================================================
Profile Picture Update Completed Successfully
===================================================
Guide Phone: +919451909612
Image Uploaded: tmp/image.png
===================================================
\nCleaned up temporary files.
Log saved to: profile_picture_update.log
